I moved the objects to:
[2.20277564 4.80277564]
[7.50277564 7.10277564]
Downloading: "https://github.com/pytorch/vision/zipball/v0.9.0" to C:\Users\tomda/.cache\torch\hub\v0.9.0.zip
C:\Users\tomda\anaconda3\Lib\site-packages\torchvision\models\_utils.py:208: UserWarning: The parameter 'pretrained' is deprecated since 0.13 and may be removed in the future, please use 'weights' instead.
  warnings.warn(
C:\Users\tomda\anaconda3\Lib\site-packages\torchvision\models\_utils.py:223: UserWarning: Arguments other than a weight enum or `None` for 'weights' are deprecated since 0.13 and may be removed in the future. The current behavior is equivalent to passing `weights=ResNet18_Weights.IMAGENET1K_V1`. You can also use `weights=ResNet18_Weights.DEFAULT` to get the most up-to-date weights.
  warnings.warn(msg)
Downloading: "https://download.pytorch.org/models/resnet18-f37072fd.pth" to C:\Users\tomda/.cache\torch\hub\checkpoints\resnet18-f37072fd.pth




 94%|████████████████████████████████████████████████████████████████████████▏    | 41.9M/44.7M [00:08<00:00, 4.62MB/s]
Gathering BC Training data . . .
I moved the objects to:
[4.00277564 5.60277564]

100%|█████████████████████████████████████████████████████████████████████████████| 44.7M/44.7M [00:09<00:00, 4.94MB/s]
I moved the objects to:
[5.60277564 3.30277564]
[8.10277564 5.90277564]
I moved the objects to:
[2.40277564 2.80277564]
[3.40277564 2.30277564]
I moved the objects to:
[6.40277564 7.80277564]
[2.80277564 5.00277564]
I moved the objects to:
[4.70277564 6.80277564]
[6.40277564 4.40277564]
I moved the objects to:
[6.60277564 2.00277564]
[5.40277564 2.40277564]
I moved the objects to:
[3.10277564 5.40277564]
[6.00277564 3.40277564]
I moved the objects to:
[2.90277564 5.50277564]
[3.90277564 1.90277564]
I moved the objects to:
[2.50277564 5.00277564]
[3.20277564 7.20277564]
I moved the objects to:
[5.80277564 7.60277564]
[3.80277564 7.20277564]
I moved the objects to:
[2.40277564 4.10277564]
[2.20277564 6.30277564]
I moved the objects to:
[4.30277564 2.40277564]
[7.80277564 2.40277564]
I moved the objects to:
[7.80277564 2.50277564]
[1.80277564 3.00277564]
I moved the objects to:
[5.50277564 1.80277564]
[6.60277564 1.90277564]
I moved the objects to:
[7.00277564 2.20277564]
[2.20277564 5.20277564]
I moved the objects to:
[5.40277564 4.80277564]
[4.50277564 5.00277564]
I moved the objects to:
[7.90277564 4.70277564]
[5.70277564 3.70277564]
I moved the objects to:
[6.80277564 3.90277564]
[6.70277564 6.20277564]
I moved the objects to:
[6.90277564 5.70277564]
[6.20277564 4.30277564]
I moved the objects to:
[4.70277564 4.10277564]
[5.00277564 6.70277564]
Gathered BC Training data.
Gathering BC Test data . . .
I moved the objects to:
[6.60277564 6.20277564]
[2.10277564 6.90277564]
I moved the objects to:
[4.70277564 2.50277564]
[3.10277564 5.90277564]
I moved the objects to:
[4.70277564 2.20277564]
[5.90277564 7.70277564]
I moved the objects to:
[6.80277564 6.00277564]
[6.70277564 2.60277564]
I moved the objects to:
[5.40277564 7.70277564]
[5.20277564 4.30277564]
I moved the objects to:
[6.10277564 4.70277564]
[2.40277564 5.50277564]
I moved the objects to:
[5.00277564 7.00277564]
[5.80277564 4.40277564]
I moved the objects to:
[7.50277564 6.10277564]
[4.00277564 2.90277564]
I moved the objects to:
[7.80277564 5.90277564]
[3.00277564 2.50277564]
I moved the objects to:
[4.40277564 7.50277564]
[3.70277564 2.50277564]
I moved the objects to:
[5.80277564 4.00277564]
[3.90277564 3.90277564]
I moved the objects to:
[2.40277564 3.60277564]
[5.30277564 3.30277564]
I moved the objects to:
[6.30277564 7.80277564]
[2.50277564 4.40277564]
I moved the objects to:
[5.20277564 3.50277564]
[2.80277564 6.40277564]
I moved the objects to:
[4.10277564 1.80277564]
[7.80277564 2.00277564]
I moved the objects to:
[3.40277564 4.10277564]
[2.40277564 5.70277564]
I moved the objects to:
[2.50277564 6.50277564]
[6.80277564 5.10277564]
I moved the objects to:
[3.40277564 5.80277564]
[6.90277564 6.00277564]
I moved the objects to:
[2.20277564 6.40277564]
[6.40277564 4.70277564]
I moved the objects to:
[1.80277564 6.10277564]
[4.70277564 4.50277564]
Gathered BC Test data.
Beginning BC Training . . .
Epoch 0, Loss 0.010955109260976315, Accuracy 0.7429846938775511
Test Loss 0.06889162957668304, Test Accuracy 0.21007525083612041
Epoch 1, Loss 0.07260283827781677, Accuracy 0.11033163265306123
Epoch 2, Loss 0.07291685789823532, Accuracy 0.09375
Epoch 3, Loss 0.07215151190757751, Accuracy 0.19323979591836735
Epoch 4, Loss 0.07196538895368576, Accuracy 0.2940051020408163
Epoch 5, Loss 0.07085644453763962, Accuracy 0.2940051020408163
Traceback (most recent call last):
Error in sys.excepthook:
Traceback (most recent call last):
  File "C:\Users\tomda\anaconda3\Lib\traceback.py", line 486, in format_frame_summary
    anchors = _extract_caret_anchors_from_line_segment(
              ^^^^^^^^^^^^^^^^^^^^^^^^^^^^^^^^^^^^^^^^^
  File "C:\Users\tomda\anaconda3\Lib\traceback.py", line 581, in _extract_caret_anchors_from_line_segment
    tree = ast.parse(segment)
           ^^^^^^^^^^^^^^^^^^
  File "C:\Users\tomda\anaconda3\Lib\ast.py", line 50, in parse
    return compile(source, filename, mode, flags,
           ^^^^^^^^^^^^^^^^^^^^^^^^^^^^^^^^^^^^^^
KeyboardInterrupt
Original exception was:
Traceback (most recent call last):
  File "C:\Users\tomda\anaconda3\Lib\site-packages\torch\utils\data\dataloader.py", line 631, in __next__
    data = self._next_data()
           ^^^^^^^^^^^^^^^^^
  File "C:\Users\tomda\anaconda3\Lib\site-packages\torch\utils\data\dataloader.py", line 675, in _next_data
    data = self._dataset_fetcher.fetch(index)  # may raise StopIteration
           ^^^^^^^^^^^^^^^^^^^^^^^^^^^^^^^^^^
  File "C:\Users\tomda\anaconda3\Lib\site-packages\torch\utils\data\_utils\fetch.py", line 51, in fetch
    data = [self.dataset[idx] for idx in possibly_batched_index]
           ^^^^^^^^^^^^^^^^^^^^^^^^^^^^^^^^^^^^^^^^^^^^^^^^^^^^^
  File "C:\Users\tomda\anaconda3\Lib\site-packages\torch\utils\data\_utils\fetch.py", line 51, in <listcomp>
    data = [self.dataset[idx] for idx in possibly_batched_index]
            ~~~~~~~~~~~~^^^^^
  File "C:\Users\tomda\Desktop\symmetry_learning\algos\bc.py", line 50, in __getitem__
    image = self.transform(image).float()
            ^^^^^^^^^^^^^^^^^^^^^
  File "C:\Users\tomda\anaconda3\Lib\site-packages\torchvision\transforms\transforms.py", line 95, in __call__
    img = t(img)
          ^^^^^^
  File "C:\Users\tomda\anaconda3\Lib\site-packages\torch\nn\modules\module.py", line 1511, in _wrapped_call_impl
    return self._call_impl(*args, **kwargs)
           ^^^^^^^^^^^^^^^^^^^^^^^^^^^^^^^^
  File "C:\Users\tomda\anaconda3\Lib\site-packages\torch\nn\modules\module.py", line 1520, in _call_impl
    return forward_call(*args, **kwargs)
           ^^^^^^^^^^^^^^^^^^^^^^^^^^^^^
  File "C:\Users\tomda\anaconda3\Lib\site-packages\torchvision\transforms\transforms.py", line 354, in forward
    return F.resize(img, self.size, self.interpolation, self.max_size, self.antialias)
           ^^^^^^^^^^^^^^^^^^^^^^^^^^^^^^^^^^^^^^^^^^^^^^^^^^^^^^^^^^^^^^^^^^^^^^^^^^^
  File "C:\Users\tomda\anaconda3\Lib\site-packages\torchvision\transforms\functional.py", line 469, in resize
    return F_t.resize(img, size=output_size, interpolation=interpolation.value, antialias=antialias)
           ^^^^^^^^^^^^^^^^^^^^^^^^^^^^^^^^^^^^^^^^^^^^^^^^^^^^^^^^^^^^^^^^^^^^^^^^^^^^^^^^^^^^^^^^^
  File "C:\Users\tomda\anaconda3\Lib\site-packages\torchvision\transforms\_functional_tensor.py", line 465, in resize
    img = interpolate(img, size=size, mode=interpolation, align_corners=align_corners, antialias=antialias)
          ^^^^^^^^^^^^^^^^^^^^^^^^^^^^^^^^^^^^^^^^^^^^^^^^^^^^^^^^^^^^^^^^^^^^^^^^^^^^^^^^^^^^^^^^^^^^^^^^^
  File "C:\Users\tomda\anaconda3\Lib\site-packages\torch\nn\functional.py", line 3941, in interpolate
    if not all(_is_integer(x) for x in size):
           ^^^^^^^^^^^^^^^^^^^^^^^^^^^^^^^^^
KeyboardInterrupt
During handling of the above exception, another exception occurred:
Traceback (most recent call last):
  File "C:\Users\tomda\Desktop\symmetry_learning\symmetry_shift_runner.py", line 52, in <module>
    main(config)
  File "C:\Users\tomda\Desktop\symmetry_learning\symmetry_shift_runner.py", line 37, in main
    bc_control(config)
  File "C:\Users\tomda\Desktop\symmetry_learning\symmetry_shift_runner.py", line 17, in bc_control
    bcRunner(env)
  File "C:\Users\tomda\Desktop\symmetry_learning\algos\bc.py", line 313, in bcRunner
    bc(env, model)
  File "C:\Users\tomda\Desktop\symmetry_learning\algos\bc.py", line 242, in bc
    for i, (states, actions) in enumerate(test_dataloader):
  File "C:\Users\tomda\anaconda3\Lib\site-packages\torch\utils\data\dataloader.py", line 627, in __next__
    with torch.autograd.profiler.record_function(self._profile_name):
  File "C:\Users\tomda\anaconda3\Lib\site-packages\torch\autograd\profiler.py", line 610, in __exit__
    def __exit__(self, exc_type: Any, exc_value: Any, traceback: Any):
KeyboardInterrupt